[14:45:57] [main/INFO]: Setting user: endervw
[14:46:01] [Client thread/INFO]: LWJGL Version: 2.9.1
[14:46:02] [Client thread/ERROR]: Couldn't initialize twitch stream
[14:46:37] [Client thread/INFO]: Reloading ResourceManager: Default, FMLFileResourcePack:Forge Mod Loader, FMLFileResourcePack:Minecraft Forge, FMLFileResourcePack:Not Enough Items, FMLFileResourcePack:Applied Energistics 2, FMLFileResourcePack:Big Reactors, FMLFileResourcePack:CoFH Core, FMLFileResourcePack:Compact Solar Arrays, FMLFileResourcePack:debug, FMLFileResourcePack:Dense Ores, FMLFileResourcePack:EnderCore, FMLFileResourcePack:Ender IO, FMLFileResourcePack:EnderStorage, FMLFileResourcePack:EnderTech, FMLFileResourcePack:Fgt X-Ray, FMLFileResourcePack:Gravestone, FMLFileResourcePack:IndustrialCraft 2, FMLFileResourcePack:Inventory Tweaks, FMLFileResourcePack:Iron Chest, FMLFileResourcePack:JourneyMap, FMLFileResourcePack:Mantle, FMLFileResourcePack:Mekanism, FMLFileResourcePack:NEI Addons, FMLFileResourcePack:NEI Addons: Developer Tools, FMLFileResourcePack:NEI Addons: Applied Energistics 2, FMLFileResourcePack:NEI Addons: Botany, FMLFileResourcePack:NEI Addons: Forestry, FMLFileResourcePack:NEI Addons: Crafting Tables, FMLFileResourcePack:NEI Addons: Ex Nihilo, FMLFileResourcePack:ProjectE, FMLFileResourcePack:ProjectRed Core, FMLFileResourcePack:ProjectRed Compatibility, FMLFileResourcePack:ProjectRed Integration, FMLFileResourcePack:ProjectRed Transmission, FMLFileResourcePack:ProjectRed Illumination, FMLFileResourcePack:ProjectRed Exploration, FMLFileResourcePack:Railcraft, FMLFileResourcePack:Tinkers' Construct, FMLFileResourcePack:Thermal Dynamics, FMLFileResourcePack:Thermal Expansion, FMLFileResourcePack:Thermal Foundation, FMLFileResourcePack:TiC Tooltips, FMLFileResourcePack:Waila, FMLFileResourcePack:Waila Harvestability, FMLFileResourcePack:Baubles, FMLFileResourcePack:Forge Microblocks, FMLFileResourcePack:Forge Multipart, FMLFileResourcePack:Minecraft Multipart Plugin, FMLFileResourcePack:MrTJPCore
[14:47:03] [Sound Library Loader/INFO]: Sound engine started
[14:47:05] [Client thread/INFO]: Created: 16x16 textures/blocks-atlas
[14:47:05] [Client thread/INFO]: Created: 16x16 textures/items-atlas
[14:47:27] [Client thread/INFO]: Reloading ResourceManager: Default, FMLFileResourcePack:Forge Mod Loader, FMLFileResourcePack:Minecraft Forge, FMLFileResourcePack:Not Enough Items, FMLFileResourcePack:Applied Energistics 2, FMLFileResourcePack:Big Reactors, FMLFileResourcePack:CoFH Core, FMLFileResourcePack:Compact Solar Arrays, FMLFileResourcePack:debug, FMLFileResourcePack:Dense Ores, FMLFileResourcePack:EnderCore, FMLFileResourcePack:Ender IO, FMLFileResourcePack:EnderStorage, FMLFileResourcePack:EnderTech, FMLFileResourcePack:Fgt X-Ray, FMLFileResourcePack:Gravestone, FMLFileResourcePack:IndustrialCraft 2, FMLFileResourcePack:Inventory Tweaks, FMLFileResourcePack:Iron Chest, FMLFileResourcePack:JourneyMap, FMLFileResourcePack:Mantle, FMLFileResourcePack:Mekanism, FMLFileResourcePack:NEI Addons, FMLFileResourcePack:NEI Addons: Developer Tools, FMLFileResourcePack:NEI Addons: Applied Energistics 2, FMLFileResourcePack:NEI Addons: Botany, FMLFileResourcePack:NEI Addons: Forestry, FMLFileResourcePack:NEI Addons: Crafting Tables, FMLFileResourcePack:NEI Addons: Ex Nihilo, FMLFileResourcePack:ProjectE, FMLFileResourcePack:ProjectRed Core, FMLFileResourcePack:ProjectRed Compatibility, FMLFileResourcePack:ProjectRed Integration, FMLFileResourcePack:ProjectRed Transmission, FMLFileResourcePack:ProjectRed Illumination, FMLFileResourcePack:ProjectRed Exploration, FMLFileResourcePack:Railcraft, FMLFileResourcePack:Tinkers' Construct, FMLFileResourcePack:Thermal Dynamics, FMLFileResourcePack:Thermal Expansion, FMLFileResourcePack:Thermal Foundation, FMLFileResourcePack:TiC Tooltips, FMLFileResourcePack:Waila, FMLFileResourcePack:Waila Harvestability, FMLFileResourcePack:Baubles, FMLFileResourcePack:Forge Microblocks, FMLFileResourcePack:Forge Multipart, FMLFileResourcePack:Minecraft Multipart Plugin, FMLFileResourcePack:MrTJPCore
[14:47:45] [Client thread/INFO]: Created: 2048x2048 textures/blocks-atlas
[14:47:51] [Client thread/INFO]: Created: 2048x1024 textures/items-atlas
[14:47:52] [Sound Library Loader/INFO]: Sound engine started
[14:48:01] [Server thread/INFO]: Starting integrated minecraft server version 1.7.10
[14:48:01] [Server thread/INFO]: Generating keypair
[14:48:14] [Server thread/INFO]: Preparing start region for level 0
[14:48:15] [Server thread/INFO]: Preparing spawn area: 38%
[14:48:16] [Server thread/INFO]: Preparing spawn area: 84%
[14:48:20] [Server thread/INFO]: Changing view distance to 2, from 10
[14:48:23] [Server thread/INFO]: endervw[local:E:3035e83a] logged in with entity id 117 at (-143.30000001192093, 65.0, 115.87332415080323)
[14:48:23] [Server thread/INFO]: endervw joined the game
[14:48:29] [Server thread/WARN]: Can't keep up! Did the system time change, or is the server overloaded? Running 6359ms behind, skipping 127 tick(s)
[14:48:37] [Client thread/INFO]: [CHAT] InvTweaks: Configuration loaded.
[14:48:38] [Server thread/INFO]: Saving and pausing game...
[14:48:38] [Server thread/INFO]: Saving chunks for level 'survival'/Overworld
[14:48:38] [Server thread/INFO]: Saving chunks for level 'survival'/Nether
[14:48:38] [Server thread/INFO]: Saving chunks for level 'survival'/The End
[15:41:52] [Server thread/INFO]: Stopping server
[15:41:52] [Server thread/INFO]: Saving players
[15:41:52] [Server thread/WARN]: Failed to save player data for endervw
[15:41:52] [Server thread/INFO]: Saving worlds
[15:41:52] [Server thread/INFO]: Saving chunks for level 'survival'/Overworld
[15:41:52] [Server thread/WARN]: Failed to check session lock, aborting
[15:41:52] [Server thread/INFO]: Saving chunks for level 'survival'/Nether
[15:41:52] [Server thread/INFO]: Saving chunks for level 'survival'/The End
[15:41:57] [Client thread/INFO]: Stopping!
