[15:30:25] [main/DEBUG] [FML/]: Injecting tracing printstreams for STDOUT/STDERR.
[15:30:25] [main/INFO] [FML/]: Forge Mod Loader version 7.99.36.1558 for Minecraft 1.7.10 loading
[15:30:25] [main/INFO] [FML/]: Java is OpenJDK 64-Bit Server VM, version 1.8.0_191, running on Linux:amd64:4.18.0-13-generic, installed at /usr/lib/jvm/java-8-openjdk-amd64/jre
[15:30:25] [main/DEBUG] [FML/]: Java classpath at launch is forge-1.7.10-10.13.4.1558-1.7.10-universal.jar
[15:30:25] [main/DEBUG] [FML/]: Java library path at launch is /usr/java/packages/lib/amd64:/usr/lib/x86_64-linux-gnu/jni:/lib/x86_64-linux-gnu:/usr/lib/x86_64-linux-gnu:/usr/lib/jni:/lib:/usr/lib
[15:30:25] [main/DEBUG] [FML/]: Enabling runtime deobfuscation
[15:30:25] [main/DEBUG] [FML/]: Instantiating coremod class FMLCorePlugin
[15:30:25] [main/DEBUG] [FML/]: Added access transformer class cpw.mods.fml.common.asm.transformers.AccessTransformer to enqueued access transformers
[15:30:25] [main/DEBUG] [FML/]: Enqueued coremod FMLCorePlugin
[15:30:25] [main/DEBUG] [FML/]: Instantiating coremod class FMLForgePlugin
[15:30:25] [main/DEBUG] [FML/]: Added access transformer class net.minecraftforge.transformers.ForgeAccessTransformer to enqueued access transformers
[15:30:25] [main/DEBUG] [FML/]: Enqueued coremod FMLForgePlugin
[15:30:25] [main/DEBUG] [FML/]: All fundamental core mods are successfully located
[15:30:25] [main/DEBUG] [FML/]: Attempting to load commandline specified mods, relative to /home/jelleymuncher/minecraft/minecraft-server/.
[15:30:25] [main/DEBUG] [FML/]: Discovering coremods
[15:30:25] [main/DEBUG] [FML/]: Examining for coremod candidacy neiaddons-1.12.11.36-mc1.7.10.jar
[15:30:25] [main/DEBUG] [FML/]: Not found coremod data in neiaddons-1.12.11.36-mc1.7.10.jar
[15:30:25] [main/DEBUG] [FML/]: Examining for coremod candidacy NotEnoughItems-1.7.10-1.0.5.118-universal.jar
[15:30:25] [main/TRACE] [FML/]: Adding NotEnoughItems-1.7.10-1.0.5.118-universal.jar to the list of known coremods, it will not be examined again
[15:30:25] [main/DEBUG] [FML/]: Instantiating coremod class NEICorePlugin
[15:30:25] [main/WARN] [FML/]: The coremod codechicken.nei.asm.NEICorePlugin does not have a MCVersion annotation, it may cause issues with this version of Minecraft
[15:30:25] [main/INFO] [STDERR/]: [java.lang.Throwable$WrappedPrintStream:println:748]: java.lang.NoClassDefFoundError: codechicken/lib/asm/ASMInit
[15:30:25] [main/INFO] [STDERR/]: [java.lang.Throwable$WrappedPrintStream:println:748]: 	at codechicken.nei.asm.NEICorePlugin.<init>(NEICorePlugin.java:18)
[15:30:25] [main/INFO] [STDERR/]: [java.lang.Throwable$WrappedPrintStream:println:748]: 	at sun.reflect.NativeConstructorAccessorImpl.newInstance0(Native Method)
[15:30:25] [main/INFO] [STDERR/]: [java.lang.Throwable$WrappedPrintStream:println:748]: 	at sun.reflect.NativeConstructorAccessorImpl.newInstance(NativeConstructorAccessorImpl.java:62)
[15:30:25] [main/INFO] [STDERR/]: [java.lang.Throwable$WrappedPrintStream:println:748]: 	at sun.reflect.DelegatingConstructorAccessorImpl.newInstance(DelegatingConstructorAccessorImpl.java:45)
[15:30:25] [main/INFO] [STDERR/]: [java.lang.Throwable$WrappedPrintStream:println:748]: 	at java.lang.reflect.Constructor.newInstance(Constructor.java:423)
[15:30:25] [main/INFO] [STDERR/]: [java.lang.Throwable$WrappedPrintStream:println:748]: 	at java.lang.Class.newInstance(Class.java:442)
[15:30:25] [main/INFO] [STDERR/]: [java.lang.Throwable$WrappedPrintStream:println:748]: 	at cpw.mods.fml.relauncher.CoreModManager.loadCoreMod(CoreModManager.java:501)
[15:30:25] [main/INFO] [STDERR/]: [java.lang.Throwable$WrappedPrintStream:println:748]: 	at cpw.mods.fml.relauncher.CoreModManager.discoverCoreMods(CoreModManager.java:389)
[15:30:25] [main/INFO] [STDERR/]: [java.lang.Throwable$WrappedPrintStream:println:748]: 	at cpw.mods.fml.relauncher.CoreModManager.handleLaunch(CoreModManager.java:221)
[15:30:25] [main/INFO] [STDERR/]: [java.lang.Throwable$WrappedPrintStream:println:748]: 	at cpw.mods.fml.relauncher.FMLLaunchHandler.setupHome(FMLLaunchHandler.java:90)
[15:30:25] [main/INFO] [STDERR/]: [java.lang.Throwable$WrappedPrintStream:println:748]: 	at cpw.mods.fml.relauncher.FMLLaunchHandler.setupServer(FMLLaunchHandler.java:74)
[15:30:25] [main/INFO] [STDERR/]: [java.lang.Throwable$WrappedPrintStream:println:748]: 	at cpw.mods.fml.relauncher.FMLLaunchHandler.configureForServerLaunch(FMLLaunchHandler.java:39)
[15:30:25] [main/INFO] [STDERR/]: [java.lang.Throwable$WrappedPrintStream:println:748]: 	at cpw.mods.fml.common.launcher.FMLServerTweaker.injectIntoClassLoader(FMLServerTweaker.java:23)
[15:30:25] [main/INFO] [STDERR/]: [java.lang.Throwable$WrappedPrintStream:println:748]: 	at net.minecraft.launchwrapper.Launch.launch(Launch.java:115)
[15:30:25] [main/INFO] [STDERR/]: [java.lang.Throwable$WrappedPrintStream:println:748]: 	at net.minecraft.launchwrapper.Launch.main(Launch.java:28)
[15:30:25] [main/INFO] [STDERR/]: [java.lang.Throwable$WrappedPrintStream:println:748]: 	at sun.reflect.NativeMethodAccessorImpl.invoke0(Native Method)
[15:30:25] [main/INFO] [STDERR/]: [java.lang.Throwable$WrappedPrintStream:println:748]: 	at sun.reflect.NativeMethodAccessorImpl.invoke(NativeMethodAccessorImpl.java:62)
[15:30:25] [main/INFO] [STDERR/]: [java.lang.Throwable$WrappedPrintStream:println:748]: 	at sun.reflect.DelegatingMethodAccessorImpl.invoke(DelegatingMethodAccessorImpl.java:43)
[15:30:25] [main/INFO] [STDERR/]: [java.lang.Throwable$WrappedPrintStream:println:748]: 	at java.lang.reflect.Method.invoke(Method.java:498)
[15:30:25] [main/INFO] [STDERR/]: [java.lang.Throwable$WrappedPrintStream:println:748]: 	at cpw.mods.fml.relauncher.ServerLaunchWrapper.run(ServerLaunchWrapper.java:43)
[15:30:25] [main/INFO] [STDERR/]: [java.lang.Throwable$WrappedPrintStream:println:748]: 	at cpw.mods.fml.relauncher.ServerLaunchWrapper.main(ServerLaunchWrapper.java:12)
[15:30:25] [main/INFO] [STDERR/]: [java.lang.Throwable$WrappedPrintStream:println:748]: Caused by: java.lang.ClassNotFoundException: codechicken.lib.asm.ASMInit
[15:30:25] [main/INFO] [STDERR/]: [java.lang.Throwable$WrappedPrintStream:println:748]: 	at net.minecraft.launchwrapper.LaunchClassLoader.findClass(LaunchClassLoader.java:191)
[15:30:25] [main/INFO] [STDERR/]: [java.lang.Throwable$WrappedPrintStream:println:748]: 	at java.lang.ClassLoader.loadClass(ClassLoader.java:424)
[15:30:25] [main/INFO] [STDERR/]: [java.lang.Throwable$WrappedPrintStream:println:748]: 	at java.lang.ClassLoader.loadClass(ClassLoader.java:357)
[15:30:25] [main/INFO] [STDERR/]: [java.lang.Throwable$WrappedPrintStream:println:748]: 	... 21 more
[15:30:25] [main/INFO] [STDERR/]: [java.lang.Throwable$WrappedPrintStream:println:748]: Caused by: java.lang.NullPointerException
[15:30:25] [main/INFO] [STDERR/]: [java.lang.Throwable$WrappedPrintStream:println:748]: 	at net.minecraft.launchwrapper.LaunchClassLoader.findClass(LaunchClassLoader.java:182)
[15:30:25] [main/INFO] [STDERR/]: [java.lang.Throwable$WrappedPrintStream:println:748]: 	... 23 more
[15:30:25] [main/ERROR] [FML/]: An error occurred trying to configure the minecraft home at /home/jelleymuncher/minecraft/minecraft-server/. for Forge Mod Loader
java.lang.NoClassDefFoundError: codechicken/lib/asm/ASMInit
	at codechicken.nei.asm.NEICorePlugin.<init>(NEICorePlugin.java:18) ~[NotEnoughItems-1.7.10-1.0.5.118-universal.jar:?]
	at sun.reflect.NativeConstructorAccessorImpl.newInstance0(Native Method) ~[?:1.8.0_191]
	at sun.reflect.NativeConstructorAccessorImpl.newInstance(NativeConstructorAccessorImpl.java:62) ~[?:1.8.0_191]
	at sun.reflect.DelegatingConstructorAccessorImpl.newInstance(DelegatingConstructorAccessorImpl.java:45) ~[?:1.8.0_191]
	at java.lang.reflect.Constructor.newInstance(Constructor.java:423) ~[?:1.8.0_191]
	at java.lang.Class.newInstance(Class.java:442) ~[?:1.8.0_191]
	at cpw.mods.fml.relauncher.CoreModManager.loadCoreMod(CoreModManager.java:501) ~[forge-1.7.10-10.13.4.1558-1.7.10-universal.jar:?]
	at cpw.mods.fml.relauncher.CoreModManager.discoverCoreMods(CoreModManager.java:389) ~[forge-1.7.10-10.13.4.1558-1.7.10-universal.jar:?]
	at cpw.mods.fml.relauncher.CoreModManager.handleLaunch(CoreModManager.java:221) ~[forge-1.7.10-10.13.4.1558-1.7.10-universal.jar:?]
	at cpw.mods.fml.relauncher.FMLLaunchHandler.setupHome(FMLLaunchHandler.java:90) [forge-1.7.10-10.13.4.1558-1.7.10-universal.jar:?]
	at cpw.mods.fml.relauncher.FMLLaunchHandler.setupServer(FMLLaunchHandler.java:74) [forge-1.7.10-10.13.4.1558-1.7.10-universal.jar:?]
	at cpw.mods.fml.relauncher.FMLLaunchHandler.configureForServerLaunch(FMLLaunchHandler.java:39) [forge-1.7.10-10.13.4.1558-1.7.10-universal.jar:?]
	at cpw.mods.fml.common.launcher.FMLServerTweaker.injectIntoClassLoader(FMLServerTweaker.java:23) [forge-1.7.10-10.13.4.1558-1.7.10-universal.jar:?]
	at net.minecraft.launchwrapper.Launch.launch(Launch.java:115) [launchwrapper-1.12.jar:?]
	at net.minecraft.launchwrapper.Launch.main(Launch.java:28) [launchwrapper-1.12.jar:?]
	at sun.reflect.NativeMethodAccessorImpl.invoke0(Native Method) ~[?:1.8.0_191]
	at sun.reflect.NativeMethodAccessorImpl.invoke(NativeMethodAccessorImpl.java:62) ~[?:1.8.0_191]
	at sun.reflect.DelegatingMethodAccessorImpl.invoke(DelegatingMethodAccessorImpl.java:43) ~[?:1.8.0_191]
	at java.lang.reflect.Method.invoke(Method.java:498) ~[?:1.8.0_191]
	at cpw.mods.fml.relauncher.ServerLaunchWrapper.run(ServerLaunchWrapper.java:43) [forge-1.7.10-10.13.4.1558-1.7.10-universal.jar:?]
	at cpw.mods.fml.relauncher.ServerLaunchWrapper.main(ServerLaunchWrapper.java:12) [forge-1.7.10-10.13.4.1558-1.7.10-universal.jar:?]
Caused by: java.lang.ClassNotFoundException: codechicken.lib.asm.ASMInit
	at net.minecraft.launchwrapper.LaunchClassLoader.findClass(LaunchClassLoader.java:191) ~[launchwrapper-1.12.jar:?]
	at java.lang.ClassLoader.loadClass(ClassLoader.java:424) ~[?:1.8.0_191]
	at java.lang.ClassLoader.loadClass(ClassLoader.java:357) ~[?:1.8.0_191]
	... 21 more
Caused by: java.lang.NullPointerException
	at net.minecraft.launchwrapper.LaunchClassLoader.findClass(LaunchClassLoader.java:182) ~[launchwrapper-1.12.jar:?]
	at java.lang.ClassLoader.loadClass(ClassLoader.java:424) ~[?:1.8.0_191]
	at java.lang.ClassLoader.loadClass(ClassLoader.java:357) ~[?:1.8.0_191]
	... 21 more
[15:30:25] [main/INFO] [STDERR/]: [java.lang.Throwable$WrappedPrintStream:println:748]: java.lang.reflect.InvocationTargetException
[15:30:25] [main/INFO] [STDERR/]: [java.lang.Throwable$WrappedPrintStream:println:748]: 	at sun.reflect.NativeMethodAccessorImpl.invoke0(Native Method)
[15:30:25] [main/INFO] [STDERR/]: [java.lang.Throwable$WrappedPrintStream:println:748]: 	at sun.reflect.NativeMethodAccessorImpl.invoke(NativeMethodAccessorImpl.java:62)
[15:30:25] [main/INFO] [STDERR/]: [java.lang.Throwable$WrappedPrintStream:println:748]: 	at sun.reflect.DelegatingMethodAccessorImpl.invoke(DelegatingMethodAccessorImpl.java:43)
[15:30:25] [main/INFO] [STDERR/]: [java.lang.Throwable$WrappedPrintStream:println:748]: 	at java.lang.reflect.Method.invoke(Method.java:498)
[15:30:25] [main/INFO] [STDERR/]: [java.lang.Throwable$WrappedPrintStream:println:748]: 	at cpw.mods.fml.relauncher.ServerLaunchWrapper.run(ServerLaunchWrapper.java:43)
[15:30:25] [main/INFO] [STDERR/]: [java.lang.Throwable$WrappedPrintStream:println:748]: 	at cpw.mods.fml.relauncher.ServerLaunchWrapper.main(ServerLaunchWrapper.java:12)
[15:30:25] [main/INFO] [STDERR/]: [java.lang.Throwable$WrappedPrintStream:println:748]: Caused by: java.lang.NoClassDefFoundError: codechicken/lib/asm/ASMInit
[15:30:25] [main/INFO] [STDERR/]: [java.lang.Throwable$WrappedPrintStream:println:748]: 	at codechicken.nei.asm.NEICorePlugin.<init>(NEICorePlugin.java:18)
[15:30:25] [main/INFO] [STDERR/]: [java.lang.Throwable$WrappedPrintStream:println:748]: 	at sun.reflect.NativeConstructorAccessorImpl.newInstance0(Native Method)
[15:30:25] [main/INFO] [STDERR/]: [java.lang.Throwable$WrappedPrintStream:println:748]: 	at sun.reflect.NativeConstructorAccessorImpl.newInstance(NativeConstructorAccessorImpl.java:62)
[15:30:25] [main/INFO] [STDERR/]: [java.lang.Throwable$WrappedPrintStream:println:748]: 	at sun.reflect.DelegatingConstructorAccessorImpl.newInstance(DelegatingConstructorAccessorImpl.java:45)
[15:30:25] [main/INFO] [STDERR/]: [java.lang.Throwable$WrappedPrintStream:println:748]: 	at java.lang.reflect.Constructor.newInstance(Constructor.java:423)
[15:30:25] [main/INFO] [STDERR/]: [java.lang.Throwable$WrappedPrintStream:println:748]: 	at java.lang.Class.newInstance(Class.java:442)
[15:30:25] [main/INFO] [STDERR/]: [java.lang.Throwable$WrappedPrintStream:println:748]: 	at cpw.mods.fml.relauncher.CoreModManager.loadCoreMod(CoreModManager.java:501)
[15:30:25] [main/INFO] [STDERR/]: [java.lang.Throwable$WrappedPrintStream:println:748]: 	at cpw.mods.fml.relauncher.CoreModManager.discoverCoreMods(CoreModManager.java:389)
[15:30:25] [main/INFO] [STDERR/]: [java.lang.Throwable$WrappedPrintStream:println:748]: 	at cpw.mods.fml.relauncher.CoreModManager.handleLaunch(CoreModManager.java:221)
[15:30:25] [main/INFO] [STDERR/]: [java.lang.Throwable$WrappedPrintStream:println:748]: 	at cpw.mods.fml.relauncher.FMLLaunchHandler.setupHome(FMLLaunchHandler.java:90)
[15:30:25] [main/INFO] [STDERR/]: [java.lang.Throwable$WrappedPrintStream:println:748]: 	at cpw.mods.fml.relauncher.FMLLaunchHandler.setupServer(FMLLaunchHandler.java:74)
[15:30:25] [main/INFO] [STDERR/]: [java.lang.Throwable$WrappedPrintStream:println:748]: 	at cpw.mods.fml.relauncher.FMLLaunchHandler.configureForServerLaunch(FMLLaunchHandler.java:39)
[15:30:25] [main/INFO] [STDERR/]: [java.lang.Throwable$WrappedPrintStream:println:748]: 	at cpw.mods.fml.common.launcher.FMLServerTweaker.injectIntoClassLoader(FMLServerTweaker.java:23)
[15:30:25] [main/INFO] [STDERR/]: [java.lang.Throwable$WrappedPrintStream:println:748]: 	at net.minecraft.launchwrapper.Launch.launch(Launch.java:115)
[15:30:25] [main/INFO] [STDERR/]: [java.lang.Throwable$WrappedPrintStream:println:748]: 	at net.minecraft.launchwrapper.Launch.main(Launch.java:28)
[15:30:25] [main/INFO] [STDERR/]: [java.lang.Throwable$WrappedPrintStream:println:748]: 	... 6 more
[15:30:25] [main/INFO] [STDERR/]: [java.lang.Throwable$WrappedPrintStream:println:748]: Caused by: java.lang.ClassNotFoundException: codechicken.lib.asm.ASMInit
[15:30:25] [main/INFO] [STDERR/]: [java.lang.Throwable$WrappedPrintStream:println:748]: 	at net.minecraft.launchwrapper.LaunchClassLoader.findClass(LaunchClassLoader.java:191)
[15:30:25] [main/INFO] [STDERR/]: [java.lang.Throwable$WrappedPrintStream:println:748]: 	at java.lang.ClassLoader.loadClass(ClassLoader.java:424)
[15:30:25] [main/INFO] [STDERR/]: [java.lang.Throwable$WrappedPrintStream:println:748]: 	at java.lang.ClassLoader.loadClass(ClassLoader.java:357)
[15:30:25] [main/INFO] [STDERR/]: [java.lang.Throwable$WrappedPrintStream:println:748]: 	... 21 more
[15:30:25] [main/INFO] [STDERR/]: [java.lang.Throwable$WrappedPrintStream:println:748]: Caused by: java.lang.NullPointerException
[15:30:25] [main/INFO] [STDERR/]: [java.lang.Throwable$WrappedPrintStream:println:748]: 	at net.minecraft.launchwrapper.LaunchClassLoader.findClass(LaunchClassLoader.java:182)
[15:30:25] [main/INFO] [STDERR/]: [java.lang.Throwable$WrappedPrintStream:println:748]: 	... 23 more
