[16:06:44] [Server thread/INFO]: Starting minecraft server version 1.7.10
[16:06:46] [Server thread/INFO]: Loading properties
[16:06:46] [Server thread/INFO]: Default game type: SURVIVAL
[16:06:46] [Server thread/INFO]: Generating keypair
[16:06:46] [Server thread/INFO]: Starting Minecraft server on *:25565
[16:06:47] [Server thread/INFO]: Preparing level "world"
[16:06:47] [Server thread/INFO]: Preparing start region for level 0
[16:06:48] [Server thread/WARN]: Skipping BlockEntity with id BlockSkyChest
[16:06:48] [Server thread/INFO]: Done (1.024s)! For help, type "help" or "?"
[16:06:54] [User Authenticator #1/INFO]: UUID of player endervw is ded3f1a6-caa5-49f7-8499-9e7f7da65608
[16:06:54] [Server thread/INFO]: endervw[/192.168.1.16:37160] logged in with entity id 780 at (131.24774603901847, 58.0, 252.80774697834826)
[16:06:54] [Server thread/INFO]: endervw joined the game
[16:07:14] [User Authenticator #2/INFO]: UUID of player jelleycrafter is 11304da4-ebd4-431d-a771-db67fb987cfd
[16:07:14] [Server thread/INFO]: jelleycrafter[/192.168.1.7:64291] logged in with entity id 781 at (144.5, 67.0, 257.5)
[16:07:14] [Server thread/INFO]: jelleycrafter joined the game
[16:07:22] [Server thread/INFO]: Opped jelleycrafter
[16:07:38] [Server thread/INFO]: [jelleycrafter: Set own game mode to Creative Mode]
[16:08:00] [Server thread/INFO]: [jelleycrafter: Set endervw's game mode to Survival Mode]
[16:08:10] [Server thread/INFO]: [endervw: Set own game mode to Creative Mode]
[16:08:11] [Server thread/INFO]: [jelleycrafter: Set endervw's game mode to Creative Mode]
[16:08:22] [Server thread/INFO]: Stopping the server
[16:08:22] [Server thread/INFO]: Stopping server
[16:08:22] [Server thread/INFO]: Saving players
[16:08:22] [Server thread/INFO]: Saving worlds
[16:08:22] [Server thread/INFO]: Saving chunks for level 'world'/Overworld
[16:08:22] [Server thread/INFO]: Saving chunks for level 'world'/Nether
[16:08:22] [Server thread/INFO]: Saving chunks for level 'world'/The End
